Starting node 1...
Node 1 servingNode 1: Received a connection on client_fd 3
Received request: )
Token [1]: )
Node 1 servingNode 1: Received a connection on client_fd 3
Received request: 0
0
05
05
10
10
110
110
15
15
18
18
1903
1903
1909
1909
1915
1915
1921
1921
1927
1927
1933
1933
1939
1939
1945
1945
1950s
1950s
1956
1956
1961
1961
1967
1967
1972
1972
1978
1978
1983
1983
1989
1989
1994
1994
19th
19th
200
200
2005
2005
2010
2010
22
22
26
26
3
3
33
33
39
39
42
42
48
48
51
51
57
57
61
61
67
67
71
71
77
77
81
81
87
87
91
91
97
97
:acids
:acids
:augusta
:augusta
:brandon
:brandon
:commentators
:commentators
:crimson
:crimson
:divinity
:divinity
:expand
:expand
:fortune
:fortune
:helicopters
:helicopters
:inherent
:inherent
:sculptures
:sculptures
:strongest
:strongest
:tanzania
:tanzania
:troubles
:troubles
:wolves
:wolves
<adoption>
<adoption>
<aided>
<aided>
<approached>
<approached>
<axis>
<axis>
<bricks>
<bricks>
<carr>
<carr>
<concentrate>
<concentrate>
<dancer>
<dancer>
<dirt>
<dirt>
<electorate>
<electorate>
<entrusted>
<entrusted>
<extends>
<extends>
<finalists>
<finalists>
<gap>
<gap>
<handful>
<handful>
<hilton>
<hilton>
<igor>
<igor>
<liga>
<liga>
<monitoring>
<monitoring>
<networking>
<networking>
<observations>
<observations>
<pan>
<pan>
<phenomenon>
<phenomenon>
<porto>
<porto>
<prosperity>
<prosperity>
<rachel>
<rachel>
<reads>
<reads>
<remote>
<remote>
<ruins>
<ruins>
<self>
<self>
<sigma>
<sigma>
<splitting>
<splitting>
<vista>
<vista>
<wu>
<wu>
@advertisements
@advertisements
@bags
@bags
@cane
@cane
@contributor
@contributor
@demonstration
@demonstration
@dwarf
@dwarf
@flemish
@flemish
@handball
@handball
@lily
@lily
@modifications
@modifications
@pathway
@pathway
@provider
@provider
@seemed
@seemed
@spectacular
@spectacular
@supposedly
@supposedly
@therapy
@therapy
@undefeated
@undefeated
@westminster
@westminster
Allen
Allen
Ann
Ann
Arthur
Arthur
Carl
Carl
Earl
Earl
Florida
Florida
Frederick
Frederick
Gordon
Gordon
Hong
Hong
Israel
Israel
Jason
Jason
Juan
Juan
Kevin
Kevin
Lawrence
Lawrence
Love
Love
Mary
Mary
Michael
Michael
Norman
Norman
Philip
Philip
Richard
Richard
Roy
Roy
Scott
Scott
Summer
Summer
Virginia
Virginia
William
William
[abbott]
[abbott]
[airlines]
[airlines]
[broader]
[broader]
[censorship]
[censorship]
[citadel]
[citadel]
[collaborative]
[collaborative]
[ear]
[ear]
[elevator]
[elevator]
[encoded]
[encoded]
[establishments]
[establishments]
[harold]
[harold]
[homestead]
[homestead]
[improving]
[improving]
[ion]
[ion]
[magnus]
[magnus]
[nicaragua]
[nicaragua]
[patron]
[patron]
[remember]
[remember]
[rita]
[rita]
[sharp]
[sharp]
[statutory]
[statutory]
[sworn]
[sworn]
[tumor]
[tumor]
[vacant]
[vacant]
\adaptations
\adaptations
\attacking
\attacking
\collins
\collins
\deer
\deer
\files
\files
\overturned
\overturned
\planes
\planes
\pressures
\pressures
\rebuild
\rebuild
\rudolf
\rudolf
\wong
\wong
^aft
^aft
^appreciated
^appreciated
^begun
^begun
^buddha
^buddha
^chorus
^chorus
^fitted
^fitted
^goodman
^goodman
^leslie
^leslie
^mate
^mate
^notices
^notices
^paraguay
^paraguay
^rainbow
^rainbow
^sean
^sean
^spa
^spa
^succeed
^succeed
^teenagers
^teenagers
^varieties
^varieties
^yang
^yang
_appeals
_appeals
_biden
_biden
_carey
_carey
_consideration
_consideration
_defences
_defences
_diversity
_diversity
_fierce
_fierce
_greens
_greens
_inspector
_inspector
_juniors
_juniors
_lithuania
_lithuania
_naples
_naples
_package
_package
_presided
_presided
_resemblance
_resemblance
_si
_si
_successors
_successors
_tidal
_tidal
_valencia
_valencia
_zambia
_zambia
abandon
abandon
abdullah
abdullah
absorbed
absorbed
academic
academic
accessed
accessed
actively
actively
afl
afl
after
after
against
against
aging
aging
agreements
agreements
aims
aims
airplay
airplay
alabama
alabama
albany
albany
albums
albums
alfonso
alfonso
aliens
aliens
alive
alive
alps
alps
alterations
alterations
always
always
amber
amber
amenities
amenities
amino
amino
amsterdam
amsterdam
analyses
analyses
ancestors
ancestors
and
and
angels
angels
angry
angry
anime
anime
anterior
anterior
apartments
apartments
apparent
apparent
appeared
appeared
applied
applied
appreciation
appreciation
approximately
approximately
arabs
arabs
archaeological
archaeological
archipelago
archipelago
archivedate
archivedate
area_code
area_code
arena
arena
arguments
arguments
armed
armed
armoured
armoured
arsenal
arsenal
artifacts
artifacts
as
as
asked
asked
assembled
assembled
asset
asset
assistant
assistant
assumes
assumes
astronomy
astronomy
attachment
attachment
audition
audition
aus
aus
author
author
auto
auto
automotive
automotive
available
available
aviation
aviation
awards
awards
ba
ba
background
background
bacteria
bacteria
baghdad
baghdad
balance
balance
ballot
ballot
band
band
banned
banned
barrett
barrett
basel
basel
basis
basis
bat
bat
battalions
battalions
battles
battles
bc
bc
beam
beam
beating
beating
beck
beck
beds
beds
beetle
beetle
begins
begins
being
being
belgrade
belgrade
believing
believing
beloved
beloved
benefits
benefits
berkeley
berkeley
berry
berry
bet
bet
beyond
beyond
bid
bid
bill
bill
bind
bind
biographer
biographer
birth
birth
births
births
black
black
blacks
blacks
bombs
bombs
books.google.com
books.google.com
border
border
bosnia
bosnia
botanist
botanist
bound
bound
bowler
bowler
boy
boy
bradley
bradley
branded
branded
canberra
canberra
candidates
candidates
canoe
canoe
captured
captured
cardinal
cardinal
carefully
carefully
carnegie
carnegie
carried
carried
carson
carson
case
case
category:living
category:living
catholicism
catholicism
caught
caught
cbs
cbs
cemetery
cemetery
ceremonies
ceremonies
ceylon
ceylon
chairman
chairman
chamberlain
chamberlain
chan
chan
cincinnati
cincinnati
circuits
circuits
citations
citations
citizens
citizens
civilization
civilization
clans
clans
clash
clash
classics
classics
clay
clay
clearing
clearing
clients
clients
climbed
climbed
closed
closed
clothes
clothes
cluster
cluster
coibot
coibot
college
college
colombian
colombian
colorado
colorado
colt
colt
combat
combat
come
come
comic
comic
commanding
commanding
comment
comment
commodore
commodore
communicate
communicate
communists
communists
companion
companion
compared
compared
competitor
competitor
complaints
complaints
complex
complex
comply
comply
compositions
compositions
concepts
concepts
concerto
concerto
confederate
confederate
configuration
configuration
confluence
confluence
congo
congo
connected
connected
conrad
conrad
consequences
consequences
constantly
constantly
constitution
constitution
consul
consul
contestants
contestants
continually
continually
continuous
continuous
contrary
contrary
contributions
contributions
controversies
controversies
conversations
conversations
convinced
convinced
cooling
cooling
coordinates_display
coordinates_display
copenhagen
copenhagen
cord
cord
coronavirus
coronavirus
correct
correct
corresponds
corresponds
count
count
counties
counties
couple
couple
courtyard
courtyard
covers
covers
crafts
crafts
crawford
crawford
criticised
criticised
croatian
croatian
crossover
crossover
crucial
crucial
crush
crush
cuba
cuba
cult
cult
cunningham
cunningham
currently
currently
curves
curves
cut
cut
cylinder
cylinder
da
da
damaging
damaging
dance
dance
data
data
david
david
day
day
deacon
deacon
dealer
dealer
death_date
death_date
debt
debt
decide
decide
decree
decree
default
default
defendants
defendants
deficit
deficit
definition
definition
deity
deity
delete
delete
delivery
delivery
demands
demands
denominations
denominations
denver
denver
depend
depend
depicts
depicts
depths
depths
derivatives
derivatives
descended
descended
details
details
determined
determined
developed
developed
devi
devi
dhaka
dhaka
dialogue
dialogue
diaspora
diaspora
die
die
diff
diff
directing
directing
directors
directors
disambig
disambig
disappointment
disappointment
disco
disco
discoveries
discoveries
discusses
discusses
disposal
disposal
dissolved
dissolved
dixon
dixon
doctoral
doctoral
documentation
documentation
dog
dog
dominion
dominion
donna
donna
dorset
dorset
doubt
doubt
downs
downs
dr
dr
drains
drains
draw
draw
dresden
dresden
drink
drink
drummer
drummer
dubbed
dubbed
duel
duel
dunn
dunn
dutch
dutch
dylan
dylan
e.g
e.g
early
early
earthquake
earthquake
eastward
eastward
ecclesiastical
ecclesiastical
edition
edition
editsummary
editsummary
educational
educational
efforts
efforts
eighteen
eighteen
elderly
elderly
elections

Token [1]: 0
Token [2]: 0
Token [3]: 05
Token [4]: 05
Token [5]: 10
Token [6]: 10
Token [7]: 110
Token [8]: 110
Token [9]: 15
Token [10]: 15
Token [11]: 18
Token [12]: 18
Token [13]: 1903
Token [14]: 1903
Token [15]: 1909
Token [16]: 1909
Token [17]: 1915
Token [18]: 1915
Token [19]: 1921
Token [20]: 1921
Token [21]: 1927
Token [22]: 1927
Token [23]: 1933
Token [24]: 1933
Token [25]: 1939
Token [26]: 1939
Token [27]: 1945
Token [28]: 1945
Token [29]: 1950s
Token [30]: 1950s
Token [31]: 1956
Token [32]: 1956
Token [33]: 1961
Token [34]: 1961
Token [35]: 1967
Token [36]: 1967
Token [37]: 1972
Token [38]: 1972
Token [39]: 1978
Token [40]: 1978
Token [41]: 1983
Token [42]: 1983
Token [43]: 1989
Token [44]: 1989
Token [45]: 1994
Token [46]: 1994
Token [47]: 19th
Token [48]: 19th
Token [49]: 200
Token [50]: 200
Token [51]: 2005
Token [52]: 2005
Token [53]: 2010
Token [54]: 2010
Token [55]: 22
Token [56]: 22
Token [57]: 26
Token [58]: 26
Token [59]: 3
Token [60]: 3
Token [61]: 33
Token [62]: 33
Token [63]: 39
Token [64]: 39
Token [65]: 42
Token [66]: 42
Token [67]: 48
Token [68]: 48
Token [69]: 51
Token [70]: 51
Token [71]: 57
Token [72]: 57
Token [73]: 61
Token [74]: 61
Token [75]: 67
Token [76]: 67
Token [77]: 71
Token [78]: 71
Token [79]: 77
Token [80]: 77
Token [81]: 81
Token [82]: 81
Token [83]: 87
Token [84]: 87
Token [85]: 91
Token [86]: 91
Token [87]: 97
Token [88]: 97
Token [89]: :acids
Token [90]: :acids
Token [91]: :augusta
Token [92]: :augusta
Token [93]: :brandon
Token [94]: :brandon
Token [95]: :commentators
Token [96]: :commentators
Token [97]: :crimson
Token [98]: :crimson
Token [99]: :divinity
Token [100]: :divinity
Token [101]: :expand
Token [102]: :expand
Token [103]: :fortune
Token [104]: :fortune
Token [105]: :helicopters
Token [106]: :helicopters
Token [107]: :inherent
Token [108]: :inherent
Token [109]: :sculptures
Token [110]: :sculptures
Token [111]: :strongest
Token [112]: :strongest
Token [113]: :tanzania
Token [114]: :tanzania
Token [115]: :troubles
Token [116]: :troubles
Token [117]: :wolves
Token [118]: :wolves
Token [119]: <adoption>
Token [120]: <adoption>
Token [121]: <aided>
Token [122]: <aided>
Token [123]: <approached>
Token [124]: <approached>
Token [125]: <axis>
Token [126]: <axis>
Token [127]: <bricks>
Token [128]: <bricks>
Token [129]: <carr>
Token [130]: <carr>
Token [131]: <concentrate>
Token [132]: <concentrate>
Token [133]: <dancer>
Token [134]: <dancer>
Token [135]: <dirt>
Token [136]: <dirt>
Token [137]: <electorate>
Token [138]: <electorate>
Token [139]: <entrusted>
Token [140]: <entrusted>
Token [141]: <extends>
Token [142]: <extends>
Token [143]: <finalists>
Token [144]: <finalists>
Token [145]: <gap>
Token [146]: <gap>
Token [147]: <handful>
Token [148]: <handful>
Token [149]: <hilton>
Token [150]: <hilton>
Token [151]: <igor>
Token [152]: <igor>
Token [153]: <liga>
Token [154]: <liga>
Token [155]: <monitoring>
Token [156]: <monitoring>
Token [157]: <networking>
Token [158]: <networking>
Token [159]: <observations>
Token [160]: <observations>
Token [161]: <pan>
Token [162]: <pan>
Token [163]: <phenomenon>
Token [164]: <phenomenon>
Token [165]: <porto>
Token [166]: <porto>
Token [167]: <prosperity>
Token [168]: <prosperity>
Token [169]: <rachel>
Token [170]: <rachel>
Token [171]: <reads>
Token [172]: <reads>
Token [173]: <remote>
Token [174]: <remote>
Token [175]: <ruins>
Token [176]: <ruins>
Token [177]: <self>
Token [178]: <self>
Token [179]: <sigma>
Token [180]: <sigma>
Token [181]: <splitting>
Token [182]: <splitting>
Token [183]: <vista>
Token [184]: <vista>
Token [185]: <wu>
Token [186]: <wu>
Token [187]: @advertisements
Token [188]: @advertisements
Token [189]: @bags
Token [190]: @bags
Token [191]: @cane
Token [192]: @cane
Token [193]: @contributor
Token [194]: @contributor
Token [195]: @demonstration
Token [196]: @demonstration
Token [197]: @dwarf
Token [198]: @dwarf
Token [199]: @flemish
Token [200]: @flemish
Token [201]: @handball
Token [202]: @handball
Token [203]: @lily
Token [204]: @lily
Token [205]: @modifications
Token [206]: @modifications
Token [207]: @pathway
Token [208]: @pathway
Token [209]: @provider
Token [210]: @provider
Token [211]: @seemed
Token [212]: @seemed
Token [213]: @spectacular
Token [214]: @spectacular
Token [215]: @supposedly
Token [216]: @supposedly
Token [217]: @therapy
Token [218]: @therapy
Token [219]: @undefeated
Token [220]: @undefeated
Token [221]: @westminster
Token [222]: @westminster
Token [223]: Allen
Token [224]: Allen
Token [225]: Ann
Token [226]: Ann
Token [227]: Arthur
Token [228]: Arthur
Token [229]: Carl
Token [230]: Carl
Token [231]: Earl
Token [232]: Earl
Token [233]: Florida
Token [234]: Florida
Token [235]: Frederick
Token [236]: Frederick
Token [237]: Gordon
Token [238]: Gordon
Token [239]: Hong
Token [240]: Hong
Token [241]: Israel
Token [242]: Israel
Token [243]: Jason
Token [244]: Jason
Token [245]: Juan
Token [246]: Juan
Token [247]: Kevin
Token [248]: Kevin
Token [249]: Lawrence
Token [250]: Lawrence
Token [251]: Love
Token [252]: Love
Token [253]: Mary
Token [254]: Mary
Token [255]: Michael
Token [256]: Michael
Token [257]: Norman
Token [258]: Norman
Token [259]: Philip
Token [260]: Philip
Token [261]: Richard
Token [262]: Richard
Token [263]: Roy
Token [264]: Roy
Token [265]: Scott
Token [266]: Scott
Token [267]: Summer
Token [268]: Summer
Token [269]: Virginia
Token [270]: Virginia
Token [271]: William
Token [272]: William
Token [273]: [abbott]
Token [274]: [abbott]
Token [275]: [airlines]
Token [276]: [airlines]
Token [277]: [broader]
Token [278]: [broader]
Token [279]: [censorship]
Token [280]: [censorship]
Token [281]: [citadel]
Token [282]: [citadel]
Token [283]: [collaborative]
Token [284]: [collaborative]
Token [285]: [ear]
Token [286]: [ear]
Token [287]: [elevator]
Token [288]: [elevator]
Token [289]: [encoded]
Token [290]: [encoded]
Token [291]: [establishments]
Token [292]: [establishments]
Token [293]: [harold]
Token [294]: [harold]
Token [295]: [homestead]
Token [296]: [homestead]
Token [297]: [improving]
Token [298]: [improving]
Token [299]: [ion]
Token [300]: [ion]
Token [301]: [magnus]
Token [302]: [magnus]
Token [303]: [nicaragua]
Token [304]: [nicaragua]
Token [305]: [patron]
Token [306]: [patron]
Token [307]: [remember]
Token [308]: [remember]
Token [309]: [rita]
Token [310]: [rita]
Token [311]: [sharp]
Token [312]: [sharp]
Token [313]: [statutory]
Token [314]: [statutory]
Token [315]: [sworn]
Token [316]: [sworn]
Token [317]: [tumor]
Token [318]: [tumor]
Token [319]: [vacant]
Token [320]: [vacant]
Token [321]: \adaptations
Token [322]: \adaptations
Token [323]: \attacking
Token [324]: \attacking
Token [325]: \collins
Token [326]: \collins
Token [327]: \deer
Token [328]: \deer
Token [329]: \files
Token [330]: \files
Token [331]: \overturned
Token [332]: \overturned
Token [333]: \planes
Token [334]: \planes
Token [335]: \pressures
Token [336]: \pressures
Token [337]: \rebuild
Token [338]: \rebuild
Token [339]: \rudolf
Token [340]: \rudolf
Token [341]: \wong
Token [342]: \wong
Token [343]: ^aft
Token [344]: ^aft
Token [345]: ^appreciated
Token [346]: ^appreciated
Token [347]: ^begun
Token [348]: ^begun
Token [349]: ^buddha
Token [350]: ^buddha
Token [351]: ^chorus
Token [352]: ^chorus
Token [353]: ^fitted
Token [354]: ^fitted
Token [355]: ^goodman
Token [356]: ^goodman
Token [357]: ^leslie
Token [358]: ^leslie
Token [359]: ^mate
Token [360]: ^mate
Token [361]: ^notices
Token [362]: ^notices
Token [363]: ^paraguay
Token [364]: ^paraguay
Token [365]: ^rainbow
Token [366]: ^rainbow
Token [367]: ^sean
Token [368]: ^sean
Token [369]: ^spa
Token [370]: ^spa
Token [371]: ^succeed
Token [372]: ^succeed
Token [373]: ^teenagers
Token [374]: ^teenagers
Token [375]: ^varieties
Token [376]: ^varieties
Token [377]: ^yang
Token [378]: ^yang
Token [379]: _appeals
Token [380]: _appeals
Token [381]: _biden
Token [382]: _biden
Token [383]: _carey
Token [384]: _carey
Token [385]: _consideration
Token [386]: _consideration
Token [387]: _defences
Token [388]: _defences
Token [389]: _diversity
Token [390]: _diversity
Token [391]: _fierce
Token [392]: _fierce
Token [393]: _greens
Token [394]: _greens
Token [395]: _inspector
Token [396]: _inspector
Token [397]: _juniors
Token [398]: _juniors
Token [399]: _lithuania
Token [400]: _lithuania
Token [401]: _naples
Token [402]: _naples
Token [403]: _package
Token [404]: _package
Token [405]: _presided
Token [406]: _presided
Token [407]: _resemblance
Token [408]: _resemblance
Token [409]: _si
Token [410]: _si
Token [411]: _successors
Token [412]: _successors
Token [413]: _tidal
Token [414]: _tidal
Token [415]: _valencia
Token [416]: _valencia
Token [417]: _zambia
Token [418]: _zambia
Token [419]: abandon
Token [420]: abandon
Token [421]: abdullah
Token [422]: abdullah
Token [423]: absorbed
Token [424]: absorbed
Token [425]: academic
Token [426]: academic
Token [427]: accessed
Token [428]: accessed
Token [429]: actively
Token [430]: actively
Token [431]: afl
Token [432]: afl
Token [433]: after
Token [434]: after
Token [435]: against
Token [436]: against
Token [437]: aging
Token [438]: aging
Token [439]: agreements
Token [440]: agreements
Token [441]: aims
Token [442]: aims
Token [443]: airplay
Token [444]: airplay
Token [445]: alabama
Token [446]: alabama
Token [447]: albany
Token [448]: albany
Token [449]: albums
Token [450]: albums
Token [451]: alfonso
Token [452]: alfonso
Token [453]: aliens
Token [454]: aliens
Token [455]: alive
Token [456]: alive
Token [457]: alps
Token [458]: alps
Token [459]: alterations
Token [460]: alterations
Token [461]: always
Token [462]: always
Token [463]: amber
Token [464]: amber
Token [465]: amenities
Token [466]: amenities
Token [467]: amino
Token [468]: amino
Token [469]: amsterdam
Token [470]: amsterdam
Token [471]: analyses
Token [472]: analyses
Token [473]: ancestors
Token [474]: ancestors
Token [475]: and
Token [476]: and
Token [477]: angels
Token [478]: angels
Token [479]: angry
Token [480]: angry
Token [481]: anime
Token [482]: anime
Token [483]: anterior
Token [484]: anterior
Token [485]: apartments
Token [486]: apartments
Token [487]: apparent
Token [488]: apparent
Token [489]: appeared
Token [490]: appeared
Token [491]: applied
Token [492]: applied
Token [493]: appreciation
Token [494]: appreciation
Token [495]: approximately
Token [496]: approximately
Token [497]: arabs
Token [498]: arabs
Token [499]: archaeological
Token [500]: archaeological
Token [501]: archipelago
Token [502]: archipelago
Token [503]: archivedate
Token [504]: archivedate
Token [505]: area_code
Token [506]: area_code
Token [507]: arena
Token [508]: arena
Token [509]: arguments
Token [510]: arguments
Token [511]: armed
Token [512]: armed
Token [513]: armoured
Token [514]: armoured
Token [515]: arsenal
Token [516]: arsenal
Token [517]: artifacts
Token [518]: artifacts
Token [519]: as
Token [520]: as
Token [521]: asked
Token [522]: asked
Token [523]: assembled
Token [524]: assembled
Token [525]: asset
Token [526]: asset
Token [527]: assistant
Token [528]: assistant
Token [529]: assumes
Token [530]: assumes
Token [531]: astronomy
Token [532]: astronomy
Token [533]: attachment
Token [534]: attachment
Token [535]: audition
Token [536]: audition
Token [537]: aus
Token [538]: aus
Token [539]: author
Token [540]: author
Token [541]: auto
Token [542]: auto
Token [543]: automotive
Token [544]: automotive
Token [545]: available
Token [546]: available
Token [547]: aviation
Token [548]: aviation
Token [549]: awards
Token [550]: awards
Token [551]: ba
Token [552]: ba
Token [553]: background
Token [554]: background
Token [555]: bacteria
Token [556]: bacteria
Token [557]: baghdad
Token [558]: baghdad
Token [559]: balance
Token [560]: balance
Token [561]: ballot
Token [562]: ballot
Token [563]: band
Token [564]: band
Token [565]: banned
Token [566]: banned
Token [567]: barrett
Token [568]: barrett
Token [569]: basel
Token [570]: basel
Token [571]: basis
Token [572]: basis
Token [573]: bat
Token [574]: bat
Token [575]: battalions
Token [576]: battalions
Token [577]: battles
Token [578]: battles
Token [579]: bc
Token [580]: bc
Token [581]: beam
Token [582]: beam
Token [583]: beating
Token [584]: beating
Token [585]: beck
Token [586]: beck
Token [587]: beds
Token [588]: beds
Token [589]: beetle
Token [590]: beetle
Token [591]: begins
Token [592]: begins
Token [593]: being
Token [594]: being
Token [595]: belgrade
Token [596]: belgrade
Token [597]: believing
Token [598]: believing
Token [599]: beloved
Token [600]: beloved
Token [601]: benefits
Token [602]: benefits
Token [603]: berkeley
Token [604]: berkeley
Token [605]: berry
Token [606]: berry
Token [607]: bet
Token [608]: bet
Token [609]: beyond
Token [610]: beyond
Token [611]: bid
Token [612]: bid
Token [613]: bill
Token [614]: bill
Token [615]: bind
Token [616]: bind
Token [617]: biographer
Token [618]: biographer
Token [619]: birth
Token [620]: birth
Token [621]: births
Token [622]: births
Token [623]: black
Token [624]: black
Token [625]: blacks
Token [626]: blacks
Token [627]: bombs
Token [628]: bombs
Token [629]: books.google.com
Token [630]: books.google.com
Token [631]: border
Token [632]: border
Token [633]: bosnia
Token [634]: bosnia
Token [635]: botanist
Token [636]: botanist
Token [637]: bound
Token [638]: bound
Token [639]: bowler
Token [640]: bowler
Token [641]: boy
Token [642]: boy
Token [643]: bradley
Token [644]: bradley
Token [645]: branded
Token [646]: branded
Token [647]: canberra
Token [648]: canberra
Token [649]: candidates
Token [650]: candidates
Token [651]: canoe
Token [652]: canoe
Token [653]: captured
Token [654]: captured
Token [655]: cardinal
Token [656]: cardinal
Token [657]: carefully
Token [658]: carefully
Token [659]: carnegie
Token [660]: carnegie
Token [661]: carried
Token [662]: carried
Token [663]: carson
Token [664]: carson
Token [665]: case
Token [666]: case
Token [667]: category:living
Token [668]: category:living
Token [669]: catholicism
Token [670]: catholicism
Token [671]: caught
Token [672]: caught
Token [673]: cbs
Token [674]: cbs
Token [675]: cemetery
Token [676]: cemetery
Token [677]: ceremonies
Token [678]: ceremonies
Token [679]: ceylon
Token [680]: ceylon
Token [681]: chairman
Token [682]: chairman
Token [683]: chamberlain
Token [684]: chamberlain
Token [685]: chan
Token [686]: chan
Token [687]: cincinnati
Token [688]: cincinnati
Token [689]: circuits
Token [690]: circuits
Token [691]: citations
Token [692]: citations
Token [693]: citizens
Token [694]: citizens
Token [695]: civilization
Token [696]: civilization
Token [697]: clans
Token [698]: clans
Token [699]: clash
Token [700]: clash
Token [701]: classics
Token [702]: classics
Token [703]: clay
Token [704]: clay
Token [705]: clearing
Token [706]: clearing
Token [707]: clients
Token [708]: clients
Token [709]: climbed
Token [710]: climbed
Token [711]: closed
Token [712]: closed
Token [713]: clothes
Token [714]: clothes
Token [715]: cluster
Token [716]: cluster
Token [717]: coibot
Token [718]: coibot
Token [719]: college
Token [720]: college
Token [721]: colombian
Token [722]: colombian
Token [723]: colorado
Token [724]: colorado
Token [725]: colt
Token [726]: colt
Token [727]: combat
Token [728]: combat
Token [729]: come
Token [730]: come
Token [731]: comic
Token [732]: comic
Token [733]: commanding
Token [734]: commanding
Token [735]: comment
Token [736]: comment
Token [737]: commodore
Token [738]: commodore
Token [739]: communicate
Token [740]: communicate
Token [741]: communists
Token [742]: communists
Token [743]: companion
Token [744]: companion
Token [745]: compared
Token [746]: compared
Token [747]: competitor
Token [748]: competitor
Token [749]: complaints
Token [750]: complaints
Token [751]: complex
Token [752]: complex
Token [753]: comply
Token [754]: comply
Token [755]: compositions
Token [756]: compositions
Token [757]: concepts
Token [758]: concepts
Token [759]: concerto
Token [760]: concerto
Token [761]: confederate
Token [762]: confederate
Token [763]: configuration
Token [764]: configuration
Token [765]: confluence
Token [766]: confluence
Token [767]: congo
Token [768]: congo
Token [769]: connected
Token [770]: connected
Token [771]: conrad
Token [772]: conrad
Token [773]: consequences
Token [774]: consequences
Token [775]: constantly
Token [776]: constantly
Token [777]: constitution
Token [778]: constitution
Token [779]: consul
Token [780]: consul
Token [781]: contestants
Token [782]: contestants
Token [783]: continually
Token [784]: continually
Token [785]: continuous
Token [786]: continuous
Token [787]: contrary
Token [788]: contrary
Token [789]: contributions
Token [790]: contributions
Token [791]: controversies
Token [792]: controversies
Token [793]: conversations
Token [794]: conversations
Token [795]: convinced
Token [796]: convinced
Token [797]: cooling
Token [798]: cooling
Token [799]: coordinates_display
Token [800]: coordinates_display
Token [801]: copenhagen
Token [802]: copenhagen
Token [803]: cord
Token [804]: cord
Token [805]: coronavirus
Token [806]: coronavirus
Token [807]: correct
Token [808]: correct
Token [809]: corresponds
Token [810]: corresponds
Token [811]: count
Token [812]: count
Token [813]: counties
Token [814]: counties
Token [815]: couple
Token [816]: couple
Token [817]: courtyard
Token [818]: courtyard
Token [819]: covers
Token [820]: covers
Token [821]: crafts
Token [822]: crafts
Token [823]: crawford
Token [824]: crawford
Token [825]: criticised
Token [826]: criticised
Token [827]: croatian
Token [828]: croatian
Token [829]: crossover
Token [830]: crossover
Token [831]: crucial
Token [832]: crucial
Token [833]: crush
Token [834]: crush
Token [835]: cuba
Token [836]: cuba
Token [837]: cult
Token [838]: cult
Token [839]: cunningham
Token [840]: cunningham
Token [841]: currently
Token [842]: currently
Token [843]: curves
Token [844]: curves
Token [845]: cut
Token [846]: cut
Token [847]: cylinder
Token [848]: cylinder
Token [849]: da
Token [850]: da
Token [851]: damaging
Token [852]: damaging
Token [853]: dance
Token [854]: dance
Token [855]: data
Token [856]: data
Token [857]: david
Token [858]: david
Token [859]: day
Token [860]: day
Token [861]: deacon
Token [862]: deacon
Token [863]: dealer
Token [864]: dealer
Token [865]: death_date
Token [866]: death_date
Token [867]: debt
Token [868]: debt
Token [869]: decide
Token [870]: decide
Token [871]: decree
Token [872]: decree
Token [873]: default
Token [874]: default
Token [875]: defendants
Token [876]: defendants
Token [877]: deficit
Token [878]: deficit
Token [879]: definition
Token [880]: definition
Token [881]: deity
Token [882]: deity
Token [883]: delete
Token [884]: delete
Token [885]: delivery
Token [886]: delivery
Token [887]: demands
Token [888]: demands
Token [889]: denominations
Token [890]: denominations
Token [891]: denver
Token [892]: denver
Token [893]: depend
Token [894]: depend
Token [895]: depicts
Token [896]: depicts
Token [897]: depths
Token [898]: depths
Token [899]: derivatives
Token [900]: derivatives
Token [901]: descended
Token [902]: descended
Token [903]: details
Token [904]: details
Token [905]: determined
Token [906]: determined
Token [907]: developed
Token [908]: developed
Token [909]: devi
Token [910]: devi
Token [911]: dhaka
Token [912]: dhaka
Token [913]: dialogue
Token [914]: dialogue
Token [915]: diaspora
Token [916]: diaspora
Token [917]: die
Token [918]: die
Token [919]: diff
Token [920]: diff
Token [921]: directing
Token [922]: directing
Token [923]: directors
Token [924]: directors
Token [925]: disambig
Token [926]: disambig
Token [927]: disappointment
Token [928]: disappointment
Token [929]: disco
Token [930]: disco
Token [931]: discoveries
Token [932]: discoveries
Token [933]: discusses
Token [934]: discusses
Token [935]: disposal
Token [936]: disposal
Token [937]: dissolved
Token [938]: dissolved
Token [939]: dixon
Token [940]: dixon
Token [941]: doctoral
Token [942]: doctoral
Token [943]: documentation
Token [944]: documentation
Token [945]: dog
Token [946]: dog
Token [947]: dominion
Token [948]: dominion
Token [949]: donna
Token [950]: donna
Token [951]: dorset
Token [952]: dorset
Token [953]: doubt
Token [954]: doubt
Token [955]: downs
Token [956]: downs
Token [957]: dr
Token [958]: dr
Token [959]: drains
Token [960]: drains
Token [961]: draw
Token [962]: draw
Token [963]: dresden
Token [964]: dresden
Token [965]: drink
Token [966]: drink
Token [967]: drummer
Token [968]: drummer
Token [969]: dubbed
Token [970]: dubbed
Token [971]: duel
Token [972]: duel
Token [9